<?xml version="1.0" encoding="UTF-8"?>
<!-- Generated by org.testng.reporters.JUnitReportReporter -->
<testsuite hostname="DESKTOP-VGN6VUA" failures="0" tests="4" name="tests.MyLoadTest" time="51.149" errors="0" timestamp="2024-09-18T10:45:57 IST" skipped="3">
  <testcase classname="tests.MyLoadTest" name="VerifyiClientIsAbleToAssignMyLoadToBothclose" time="51.149"/>
  <system-out/>
  <testcase classname="tests.MyLoadTest" name="VerifyiClientIsAbleToAssignMyLoadToBoth">
    <skipped/>
  </testcase> <!-- VerifyiClientIsAbleToAssignMyLoadToBoth -->
  <system-out/>
  <testcase classname="tests.MyLoadTest" name="VerifyiClientIsAbleToAssignMyLoadToVendor">
    <skipped/>
  </testcase> <!-- VerifyiClientIsAbleToAssignMyLoadToVendor -->
  <system-out/>
  <testcase classname="tests.MyLoadTest" name="VerifyiClientIsAbleToAssignMyLoadToDriver">
    <skipped/>
  </testcase> <!-- VerifyiClientIsAbleToAssignMyLoadToDriver -->
  <system-out/>
</testsuite> <!-- tests.MyLoadTest -->
