<?xml version="1.0" encoding="UTF-8"?>
<!-- Generated by org.testng.reporters.JUnitReportReporter -->
<testsuite hostname="DESKTOP-VGN6VUA" failures="0" tests="8" name="tests.UserTest" time="92.357" errors="0" timestamp="2024-10-25T15:53:34 IST" skipped="1">
  <testcase classname="tests.UserTest" name="AVerifyUserIsAbleToLogin" time="21.297"/>
  <system-out/>
  <testcase classname="tests.UserTest" name="BVerifyUserIsAbleToAddManager" time="16.170"/>
  <system-out/>
  <testcase classname="tests.UserTest" name="CVerifyUserIsAbleToUploadDocument" time="17.720"/>
  <system-out/>
  <testcase classname="tests.UserTest" name="DVerifyUserIsAbleToAddMasterSetting" time="2.324"/>
  <system-out/>
  <testcase classname="tests.UserTest" name="EVerifyUserIsAbleToTaxClass" time="9.738"/>
  <system-out/>
  <testcase classname="tests.UserTest" name="FVerifyAdminLogin" time="12.198"/>
  <system-out/>
  <testcase classname="tests.UserTest" name="GVerifyIfAdminIsAbleToApproveClient" time="12.910"/>
  <system-out/>
  <testcase classname="tests.UserTest" name="AVerifyUserIsAbleToLoginn">
    <skipped/>
  </testcase> <!-- AVerifyUserIsAbleToLoginn -->
  <system-out/>
</testsuite> <!-- tests.UserTest -->
