<?xml version="1.0" encoding="UTF-8"?>
<!-- Generated by org.testng.reporters.JUnitReportReporter -->
<testsuite hostname="DESKTOP-VGN6VUA" failures="0" tests="2" name="tests.CustomerLoadTest" time="42.081" errors="0" timestamp="2024-09-16T16:24:43 IST" skipped="0">
  <testcase classname="tests.CustomerLoadTest" name="VerifyUserIsAbleToLogin" time="12.189"/>
  <system-out/>
  <testcase classname="tests.CustomerLoadTest" name="loadByDropdown" time="29.892"/>
  <system-out/>
</testsuite> <!-- tests.CustomerLoadTest -->
