<?xml version="1.0" encoding="UTF-8"?>
<!-- Generated by org.testng.reporters.JUnitReportReporter -->
<testsuite hostname="DESKTOP-VGN6VUA" failures="0" tests="6" name="tests.CloseLoadScenariosTest" time="63.448" errors="0" timestamp="2024-10-14T19:14:10 IST" skipped="5">
  <testcase classname="tests.CloseLoadScenariosTest" name="VerifyiClientIsAbleToCloseCustomerLoadToVendor" time="63.448"/>
  <system-out/>
  <testcase classname="tests.CloseLoadScenariosTest" name="VerifyiClientIsAbleToCloseMyLoadOfVendor">
    <skipped/>
  </testcase> <!-- VerifyiClientIsAbleToCloseMyLoadOfVendor -->
  <system-out/>
  <testcase classname="tests.CloseLoadScenariosTest" name="VerifyiClientIsAbleToCloseCustomerLoadToBoth">
    <skipped/>
  </testcase> <!-- VerifyiClientIsAbleToCloseCustomerLoadToBoth -->
  <system-out/>
  <testcase classname="tests.CloseLoadScenariosTest" name="VerifyiClientIsAbleToCloseMyLoadToDriver">
    <skipped/>
  </testcase> <!-- VerifyiClientIsAbleToCloseMyLoadToDriver -->
  <system-out/>
  <testcase classname="tests.CloseLoadScenariosTest" name="VerifyiClientIsAbleToCloseCustomerLoadToDriver">
    <skipped/>
  </testcase> <!-- VerifyiClientIsAbleToCloseCustomerLoadToDriver -->
  <system-out/>
  <testcase classname="tests.CloseLoadScenariosTest" name="VerifyiClientIsAbleToCloseMyLoadToBoth">
    <skipped/>
  </testcase> <!-- VerifyiClientIsAbleToCloseMyLoadToBoth -->
  <system-out/>
</testsuite> <!-- tests.CloseLoadScenariosTest -->
