<?xml version="1.0" encoding="UTF-8"?>
<!-- Generated by org.testng.reporters.JUnitReportReporter -->
<testsuite hostname="DESKTOP-VGN6VUA" failures="0" tests="3" name="tests.DriverTest" time="31.075" errors="0" timestamp="2024-08-22T00:43:56 IST" skipped="1">
  <testcase classname="tests.DriverTest" name="VerifyUserIsAbleToAddDriver" time="28.904"/>
  <system-out/>
  <testcase classname="tests.DriverTest" name="VerifyUserIsAbleToAddDriv" time="2.171"/>
  <system-out/>
  <testcase classname="tests.DriverTest" name="VerifyUserIsAbleToAddDriverUpdate">
    <skipped/>
  </testcase> <!-- VerifyUserIsAbleToAddDriverUpdate -->
  <system-out/>
</testsuite> <!-- tests.DriverTest -->
