<?xml version="1.0" encoding="UTF-8"?>
<!-- Generated by org.testng.reporters.JUnitReportReporter -->
<testsuite hostname="DESKTOP-VGN6VUA" failures="0" tests="6" name="tests.CloseLoadScenariosTest" time="53.261" errors="0" timestamp="2024-09-18T14:04:47 IST" skipped="5">
  <testcase classname="tests.CloseLoadScenariosTest" name="VerifyiClientIsAbleToCloseMyLoadToBoth" time="53.261"/>
  <system-out/>
  <testcase classname="tests.CloseLoadScenariosTest" name="VerifyiClientIsAbleToCloseMyLoadOfVendor">
    <skipped/>
  </testcase> <!-- VerifyiClientIsAbleToCloseMyLoadOfVendor -->
  <system-out/>
  <testcase classname="tests.CloseLoadScenariosTest" name="VerifyiClientIsAbleToCloseCustomerLoadToBoth">
    <skipped/>
  </testcase> <!-- VerifyiClientIsAbleToCloseCustomerLoadToBoth -->
  <system-out/>
  <testcase classname="tests.CloseLoadScenariosTest" name="VerifyiClientIsAbleToCloseMyLoadToDriver">
    <skipped/>
  </testcase> <!-- VerifyiClientIsAbleToCloseMyLoadToDriver -->
  <system-out/>
  <testcase classname="tests.CloseLoadScenariosTest" name="VerifyiClientIsAbleToCloseCustomerLoadToDriver">
    <skipped/>
  </testcase> <!-- VerifyiClientIsAbleToCloseCustomerLoadToDriver -->
  <system-out/>
  <testcase classname="tests.CloseLoadScenariosTest" name="VerifyiClientIsAbleToCloseCustomerLoadToVendor">
    <skipped/>
  </testcase> <!-- VerifyiClientIsAbleToCloseCustomerLoadToVendor -->
  <system-out/>
</testsuite> <!-- tests.CloseLoadScenariosTest -->
