<?xml version="1.0" encoding="UTF-8"?>
<!-- Generated by org.testng.reporters.JUnitReportReporter -->
<testsuite hostname="DESKTOP-VGN6VUA" failures="0" tests="10" name="tests.CreateLoadTest" time="116.120" errors="0" timestamp="2024-10-14T15:27:47 IST" skipped="8">
  <testcase classname="tests.CreateLoadTest" name="VerifyiClientIsAbleToAssignCustomerLoadToBoth" time="66.387"/>
  <system-out/>
  <testcase classname="tests.CreateLoadTest" name="VerifyiClientIsAbleToAssignCustomerLoadToBoth" time="49.733"/>
  <system-out/>
  <testcase classname="tests.CreateLoadTest" name="VerifyiClientIsAbleToAssignCustomerLoadToDriver">
    <skipped/>
  </testcase> <!-- VerifyiClientIsAbleToAssignCustomerLoadToDriver -->
  <system-out/>
  <testcase classname="tests.CreateLoadTest" name="VerifyiClientIsAbleToAssignCustomerLoadToVendor">
    <skipped/>
  </testcase> <!-- VerifyiClientIsAbleToAssignCustomerLoadToVendor -->
  <system-out/>
  <testcase classname="tests.CreateLoadTest" name="VerifyClientIsAbleToCreateLoadOfNewCustomer">
    <skipped/>
  </testcase> <!-- VerifyClientIsAbleToCreateLoadOfNewCustomer -->
  <system-out/>
  <testcase classname="tests.CreateLoadTest" name="VerifyiClientIsAbleToAssignMyLoadToDriver">
    <skipped/>
  </testcase> <!-- VerifyiClientIsAbleToAssignMyLoadToDriver -->
  <system-out/>
  <testcase classname="tests.CreateLoadTest" name="VerifyiClientIsAbleToAssignMyLoadBothCases">
    <skipped/>
  </testcase> <!-- VerifyiClientIsAbleToAssignMyLoadBothCases -->
  <system-out/>
  <testcase classname="tests.CreateLoadTest" name="VerifyiClientIsAbleToCreateTheirLoad">
    <skipped/>
  </testcase> <!-- VerifyiClientIsAbleToCreateTheirLoad -->
  <system-out/>
  <testcase classname="tests.CreateLoadTest" name="CreateLoadOfExistingCustomer">
    <skipped/>
  </testcase> <!-- CreateLoadOfExistingCustomer -->
  <system-out/>
  <testcase classname="tests.CreateLoadTest" name="VerifyiClientIsAbleToAssignMyLoadToVendor">
    <skipped/>
  </testcase> <!-- VerifyiClientIsAbleToAssignMyLoadToVendor -->
  <system-out/>
</testsuite> <!-- tests.CreateLoadTest -->
